[  0%] Built target sensor_msgs_generate_messages_nodejs
[  0%] Built target _tesse_ros_bridge_generate_messages_check_deps_SceneRequestService
[  0%] Built target ackermann_msgs_generate_messages_nodejs
[  0%] Built target _tesse_ros_bridge_generate_messages_check_deps_RepositionRequestService
[  0%] Built target _tesse_ros_bridge_generate_messages_check_deps_CollisionStats
[  0%] Built target std_msgs_generate_messages_nodejs
[  0%] Built target tf_generate_messages_nodejs
[  0%] Built target mav_msgs_generate_messages_nodejs
[  0%] Built target nav_msgs_generate_messages_nodejs
[  0%] Built target ackermann_msgs_generate_messages_eus
[  0%] Built target mav_msgs_generate_messages_eus
[  0%] Built target sensor_msgs_generate_messages_eus
[  0%] Built target tf_generate_messages_eus
[  0%] Built target std_msgs_generate_messages_eus
[  0%] Built target nav_msgs_generate_messages_eus
[  0%] Built target _tesse_ros_bridge_generate_messages_check_deps_ObjectSpawnRequestService
[  0%] Built target tf_generate_messages_py
[  0%] Built target ackermann_msgs_generate_messages_py
[  0%] Built target mav_msgs_generate_messages_py
[  0%] Built target std_msgs_generate_messages_py
[  0%] Built target nav_msgs_generate_messages_py
[  0%] Built target sensor_msgs_generate_messages_py
[  0%] Built target mav_msgs_generate_messages_cpp
[  0%] Built target std_msgs_generate_messages_cpp
[  0%] Built target tf_generate_messages_cpp
[  0%] Built target sensor_msgs_generate_messages_cpp
[  0%] Built target ackermann_msgs_generate_messages_cpp
[  0%] Built target nav_msgs_generate_messages_cpp
[  0%] Built target nav_msgs_generate_messages_lisp
[  0%] Built target ackermann_msgs_generate_messages_lisp
[  0%] Built target std_msgs_generate_messages_lisp
[  0%] Built target mav_msgs_generate_messages_lisp
[  0%] Built target tf_generate_messages_lisp
[  0%] Built target sensor_msgs_generate_messages_lisp
[ 17%] Built target tesse_ros_bridge_generate_messages_nodejs
[ 39%] Built target tesse_ros_bridge_generate_messages_eus
[ 65%] Built target tesse_ros_bridge_generate_messages_py
[100%] Built target tesse_ros_bridge_generate_messages_lisp
[100%] Built target tesse_ros_bridge_generate_messages_cpp
[100%] Built target tesse_ros_bridge_generate_messages
