Linked: (/home/adityaap/aero_740/lab3/devel/.private/tesse_ros_bridge/include/tesse_ros_bridge/RepositionRequestService.h, /home/adityaap/aero_740/lab3/devel/include/tesse_ros_bridge/RepositionRequestService.h)
Linked: (/home/adityaap/aero_740/lab3/devel/.private/tesse_ros_bridge/include/tesse_ros_bridge/ObjectSpawnRequestServiceResponse.h, /home/adityaap/aero_740/lab3/devel/include/tesse_ros_bridge/ObjectSpawnRequestServiceResponse.h)
Linked: (/home/adityaap/aero_740/lab3/devel/.private/tesse_ros_bridge/include/tesse_ros_bridge/RepositionRequestServiceResponse.h, /home/adityaap/aero_740/lab3/devel/include/tesse_ros_bridge/RepositionRequestServiceResponse.h)
Linked: (/home/adityaap/aero_740/lab3/devel/.private/tesse_ros_bridge/include/tesse_ros_bridge/RepositionRequestServiceRequest.h, /home/adityaap/aero_740/lab3/devel/include/tesse_ros_bridge/RepositionRequestServiceRequest.h)
Linked: (/home/adityaap/aero_740/lab3/devel/.private/tesse_ros_bridge/include/tesse_ros_bridge/SceneRequestServiceRequest.h, /home/adityaap/aero_740/lab3/devel/include/tesse_ros_bridge/SceneRequestServiceRequest.h)
Linked: (/home/adityaap/aero_740/lab3/devel/.private/tesse_ros_bridge/include/tesse_ros_bridge/SceneRequestService.h, /home/adityaap/aero_740/lab3/devel/include/tesse_ros_bridge/SceneRequestService.h)
Linked: (/home/adityaap/aero_740/lab3/devel/.private/tesse_ros_bridge/include/tesse_ros_bridge/ObjectSpawnRequestServiceRequest.h, /home/adityaap/aero_740/lab3/devel/include/tesse_ros_bridge/ObjectSpawnRequestServiceRequest.h)
Linked: (/home/adityaap/aero_740/lab3/devel/.private/tesse_ros_bridge/include/tesse_ros_bridge/SceneRequestServiceResponse.h, /home/adityaap/aero_740/lab3/devel/include/tesse_ros_bridge/SceneRequestServiceResponse.h)
Linked: (/home/adityaap/aero_740/lab3/devel/.private/tesse_ros_bridge/include/tesse_ros_bridge/CollisionStats.h, /home/adityaap/aero_740/lab3/devel/include/tesse_ros_bridge/CollisionStats.h)
Linked: (/home/adityaap/aero_740/lab3/devel/.private/tesse_ros_bridge/include/tesse_ros_bridge/ObjectSpawnRequestService.h, /home/adityaap/aero_740/lab3/devel/include/tesse_ros_bridge/ObjectSpawnRequestService.h)
Linked: (/home/adityaap/aero_740/lab3/devel/.private/tesse_ros_bridge/share/tesse_ros_bridge/cmake/tesse_ros_bridge-msg-paths.cmake, /home/adityaap/aero_740/lab3/devel/share/tesse_ros_bridge/cmake/tesse_ros_bridge-msg-paths.cmake)
Linked: (/home/adityaap/aero_740/lab3/devel/.private/tesse_ros_bridge/share/tesse_ros_bridge/cmake/tesse_ros_bridgeConfig-version.cmake, /home/adityaap/aero_740/lab3/devel/share/tesse_ros_bridge/cmake/tesse_ros_bridgeConfig-version.cmake)
Linked: (/home/adityaap/aero_740/lab3/devel/.private/tesse_ros_bridge/share/tesse_ros_bridge/cmake/tesse_ros_bridge-msg-extras.cmake, /home/adityaap/aero_740/lab3/devel/share/tesse_ros_bridge/cmake/tesse_ros_bridge-msg-extras.cmake)
Linked: (/home/adityaap/aero_740/lab3/devel/.private/tesse_ros_bridge/share/tesse_ros_bridge/cmake/tesse_ros_bridgeConfig.cmake, /home/adityaap/aero_740/lab3/devel/share/tesse_ros_bridge/cmake/tesse_ros_bridgeConfig.cmake)
Linked: (/home/adityaap/aero_740/lab3/devel/.private/tesse_ros_bridge/share/gennodejs/ros/tesse_ros_bridge/_index.js, /home/adityaap/aero_740/lab3/devel/share/gennodejs/ros/tesse_ros_bridge/_index.js)
Linked: (/home/adityaap/aero_740/lab3/devel/.private/tesse_ros_bridge/share/gennodejs/ros/tesse_ros_bridge/msg/CollisionStats.js, /home/adityaap/aero_740/lab3/devel/share/gennodejs/ros/tesse_ros_bridge/msg/CollisionStats.js)
Linked: (/home/adityaap/aero_740/lab3/devel/.private/tesse_ros_bridge/share/gennodejs/ros/tesse_ros_bridge/msg/_index.js, /home/adityaap/aero_740/lab3/devel/share/gennodejs/ros/tesse_ros_bridge/msg/_index.js)
Linked: (/home/adityaap/aero_740/lab3/devel/.private/tesse_ros_bridge/share/gennodejs/ros/tesse_ros_bridge/srv/SceneRequestService.js, /home/adityaap/aero_740/lab3/devel/share/gennodejs/ros/tesse_ros_bridge/srv/SceneRequestService.js)
Linked: (/home/adityaap/aero_740/lab3/devel/.private/tesse_ros_bridge/share/gennodejs/ros/tesse_ros_bridge/srv/_index.js, /home/adityaap/aero_740/lab3/devel/share/gennodejs/ros/tesse_ros_bridge/srv/_index.js)
Linked: (/home/adityaap/aero_740/lab3/devel/.private/tesse_ros_bridge/share/gennodejs/ros/tesse_ros_bridge/srv/ObjectSpawnRequestService.js, /home/adityaap/aero_740/lab3/devel/share/gennodejs/ros/tesse_ros_bridge/srv/ObjectSpawnRequestService.js)
Linked: (/home/adityaap/aero_740/lab3/devel/.private/tesse_ros_bridge/share/gennodejs/ros/tesse_ros_bridge/srv/RepositionRequestService.js, /home/adityaap/aero_740/lab3/devel/share/gennodejs/ros/tesse_ros_bridge/srv/RepositionRequestService.js)
Linked: (/home/adityaap/aero_740/lab3/devel/.private/tesse_ros_bridge/share/common-lisp/ros/tesse_ros_bridge/msg/_package.lisp, /home/adityaap/aero_740/lab3/devel/share/common-lisp/ros/tesse_ros_bridge/msg/_package.lisp)
Linked: (/home/adityaap/aero_740/lab3/devel/.private/tesse_ros_bridge/share/common-lisp/ros/tesse_ros_bridge/msg/tesse_ros_bridge-msg.asd, /home/adityaap/aero_740/lab3/devel/share/common-lisp/ros/tesse_ros_bridge/msg/tesse_ros_bridge-msg.asd)
Linked: (/home/adityaap/aero_740/lab3/devel/.private/tesse_ros_bridge/share/common-lisp/ros/tesse_ros_bridge/msg/_package_CollisionStats.lisp, /home/adityaap/aero_740/lab3/devel/share/common-lisp/ros/tesse_ros_bridge/msg/_package_CollisionStats.lisp)
Linked: (/home/adityaap/aero_740/lab3/devel/.private/tesse_ros_bridge/share/common-lisp/ros/tesse_ros_bridge/msg/CollisionStats.lisp, /home/adityaap/aero_740/lab3/devel/share/common-lisp/ros/tesse_ros_bridge/msg/CollisionStats.lisp)
Linked: (/home/adityaap/aero_740/lab3/devel/.private/tesse_ros_bridge/share/common-lisp/ros/tesse_ros_bridge/srv/_package.lisp, /home/adityaap/aero_740/lab3/devel/share/common-lisp/ros/tesse_ros_bridge/srv/_package.lisp)
Linked: (/home/adityaap/aero_740/lab3/devel/.private/tesse_ros_bridge/share/common-lisp/ros/tesse_ros_bridge/srv/_package_SceneRequestService.lisp, /home/adityaap/aero_740/lab3/devel/share/common-lisp/ros/tesse_ros_bridge/srv/_package_SceneRequestService.lisp)
Linked: (/home/adityaap/aero_740/lab3/devel/.private/tesse_ros_bridge/share/common-lisp/ros/tesse_ros_bridge/srv/ObjectSpawnRequestService.lisp, /home/adityaap/aero_740/lab3/devel/share/common-lisp/ros/tesse_ros_bridge/srv/ObjectSpawnRequestService.lisp)
Linked: (/home/adityaap/aero_740/lab3/devel/.private/tesse_ros_bridge/share/common-lisp/ros/tesse_ros_bridge/srv/_package_RepositionRequestService.lisp, /home/adityaap/aero_740/lab3/devel/share/common-lisp/ros/tesse_ros_bridge/srv/_package_RepositionRequestService.lisp)
Linked: (/home/adityaap/aero_740/lab3/devel/.private/tesse_ros_bridge/share/common-lisp/ros/tesse_ros_bridge/srv/_package_ObjectSpawnRequestService.lisp, /home/adityaap/aero_740/lab3/devel/share/common-lisp/ros/tesse_ros_bridge/srv/_package_ObjectSpawnRequestService.lisp)
Linked: (/home/adityaap/aero_740/lab3/devel/.private/tesse_ros_bridge/share/common-lisp/ros/tesse_ros_bridge/srv/RepositionRequestService.lisp, /home/adityaap/aero_740/lab3/devel/share/common-lisp/ros/tesse_ros_bridge/srv/RepositionRequestService.lisp)
Linked: (/home/adityaap/aero_740/lab3/devel/.private/tesse_ros_bridge/share/common-lisp/ros/tesse_ros_bridge/srv/SceneRequestService.lisp, /home/adityaap/aero_740/lab3/devel/share/common-lisp/ros/tesse_ros_bridge/srv/SceneRequestService.lisp)
Linked: (/home/adityaap/aero_740/lab3/devel/.private/tesse_ros_bridge/share/common-lisp/ros/tesse_ros_bridge/srv/tesse_ros_bridge-srv.asd, /home/adityaap/aero_740/lab3/devel/share/common-lisp/ros/tesse_ros_bridge/srv/tesse_ros_bridge-srv.asd)
Linked: (/home/adityaap/aero_740/lab3/devel/.private/tesse_ros_bridge/share/roseus/ros/tesse_ros_bridge/manifest.l, /home/adityaap/aero_740/lab3/devel/share/roseus/ros/tesse_ros_bridge/manifest.l)
Linked: (/home/adityaap/aero_740/lab3/devel/.private/tesse_ros_bridge/share/roseus/ros/tesse_ros_bridge/msg/CollisionStats.l, /home/adityaap/aero_740/lab3/devel/share/roseus/ros/tesse_ros_bridge/msg/CollisionStats.l)
Linked: (/home/adityaap/aero_740/lab3/devel/.private/tesse_ros_bridge/share/roseus/ros/tesse_ros_bridge/srv/RepositionRequestService.l, /home/adityaap/aero_740/lab3/devel/share/roseus/ros/tesse_ros_bridge/srv/RepositionRequestService.l)
Linked: (/home/adityaap/aero_740/lab3/devel/.private/tesse_ros_bridge/share/roseus/ros/tesse_ros_bridge/srv/SceneRequestService.l, /home/adityaap/aero_740/lab3/devel/share/roseus/ros/tesse_ros_bridge/srv/SceneRequestService.l)
Linked: (/home/adityaap/aero_740/lab3/devel/.private/tesse_ros_bridge/share/roseus/ros/tesse_ros_bridge/srv/ObjectSpawnRequestService.l, /home/adityaap/aero_740/lab3/devel/share/roseus/ros/tesse_ros_bridge/srv/ObjectSpawnRequestService.l)
Linked: (/home/adityaap/aero_740/lab3/devel/.private/tesse_ros_bridge/lib/pkgconfig/tesse_ros_bridge.pc, /home/adityaap/aero_740/lab3/devel/lib/pkgconfig/tesse_ros_bridge.pc)
Linked: (/home/adityaap/aero_740/lab3/devel/.private/tesse_ros_bridge/lib/python3/dist-packages/tesse_ros_bridge/__init__.py, /home/adityaap/aero_740/lab3/devel/lib/python3/dist-packages/tesse_ros_bridge/__init__.py)
Linked: (/home/adityaap/aero_740/lab3/devel/.private/tesse_ros_bridge/lib/python3/dist-packages/tesse_ros_bridge/msg/_CollisionStats.py, /home/adityaap/aero_740/lab3/devel/lib/python3/dist-packages/tesse_ros_bridge/msg/_CollisionStats.py)
Linked: (/home/adityaap/aero_740/lab3/devel/.private/tesse_ros_bridge/lib/python3/dist-packages/tesse_ros_bridge/msg/__init__.py, /home/adityaap/aero_740/lab3/devel/lib/python3/dist-packages/tesse_ros_bridge/msg/__init__.py)
Linked: (/home/adityaap/aero_740/lab3/devel/.private/tesse_ros_bridge/lib/python3/dist-packages/tesse_ros_bridge/srv/_RepositionRequestService.py, /home/adityaap/aero_740/lab3/devel/lib/python3/dist-packages/tesse_ros_bridge/srv/_RepositionRequestService.py)
Linked: (/home/adityaap/aero_740/lab3/devel/.private/tesse_ros_bridge/lib/python3/dist-packages/tesse_ros_bridge/srv/_ObjectSpawnRequestService.py, /home/adityaap/aero_740/lab3/devel/lib/python3/dist-packages/tesse_ros_bridge/srv/_ObjectSpawnRequestService.py)
Linked: (/home/adityaap/aero_740/lab3/devel/.private/tesse_ros_bridge/lib/python3/dist-packages/tesse_ros_bridge/srv/_SceneRequestService.py, /home/adityaap/aero_740/lab3/devel/lib/python3/dist-packages/tesse_ros_bridge/srv/_SceneRequestService.py)
Linked: (/home/adityaap/aero_740/lab3/devel/.private/tesse_ros_bridge/lib/python3/dist-packages/tesse_ros_bridge/srv/__init__.py, /home/adityaap/aero_740/lab3/devel/lib/python3/dist-packages/tesse_ros_bridge/srv/__init__.py)
Linked: (/home/adityaap/aero_740/lab3/devel/.private/tesse_ros_bridge/lib/python3/dist-packages/key_teleop/__init__.py, /home/adityaap/aero_740/lab3/devel/lib/python3/dist-packages/key_teleop/__init__.py)
