Linked: (/home/adityaap/aero_740/lab3/devel/.private/mav_state_machine_msgs/include/mav_state_machine_msgs/StartStopTask.h, /home/adityaap/aero_740/lab3/devel/include/mav_state_machine_msgs/StartStopTask.h)
Linked: (/home/adityaap/aero_740/lab3/devel/.private/mav_state_machine_msgs/include/mav_state_machine_msgs/RunTaskServiceResponse.h, /home/adityaap/aero_740/lab3/devel/include/mav_state_machine_msgs/RunTaskServiceResponse.h)
Linked: (/home/adityaap/aero_740/lab3/devel/.private/mav_state_machine_msgs/include/mav_state_machine_msgs/RunTaskServiceRequest.h, /home/adityaap/aero_740/lab3/devel/include/mav_state_machine_msgs/RunTaskServiceRequest.h)
Linked: (/home/adityaap/aero_740/lab3/devel/.private/mav_state_machine_msgs/include/mav_state_machine_msgs/RunTaskService.h, /home/adityaap/aero_740/lab3/devel/include/mav_state_machine_msgs/RunTaskService.h)
Linked: (/home/adityaap/aero_740/lab3/devel/.private/mav_state_machine_msgs/share/gennodejs/ros/mav_state_machine_msgs/_index.js, /home/adityaap/aero_740/lab3/devel/share/gennodejs/ros/mav_state_machine_msgs/_index.js)
Linked: (/home/adityaap/aero_740/lab3/devel/.private/mav_state_machine_msgs/share/gennodejs/ros/mav_state_machine_msgs/msg/StartStopTask.js, /home/adityaap/aero_740/lab3/devel/share/gennodejs/ros/mav_state_machine_msgs/msg/StartStopTask.js)
Linked: (/home/adityaap/aero_740/lab3/devel/.private/mav_state_machine_msgs/share/gennodejs/ros/mav_state_machine_msgs/msg/_index.js, /home/adityaap/aero_740/lab3/devel/share/gennodejs/ros/mav_state_machine_msgs/msg/_index.js)
Linked: (/home/adityaap/aero_740/lab3/devel/.private/mav_state_machine_msgs/share/gennodejs/ros/mav_state_machine_msgs/srv/_index.js, /home/adityaap/aero_740/lab3/devel/share/gennodejs/ros/mav_state_machine_msgs/srv/_index.js)
Linked: (/home/adityaap/aero_740/lab3/devel/.private/mav_state_machine_msgs/share/gennodejs/ros/mav_state_machine_msgs/srv/RunTaskService.js, /home/adityaap/aero_740/lab3/devel/share/gennodejs/ros/mav_state_machine_msgs/srv/RunTaskService.js)
Linked: (/home/adityaap/aero_740/lab3/devel/.private/mav_state_machine_msgs/share/common-lisp/ros/mav_state_machine_msgs/msg/_package.lisp, /home/adityaap/aero_740/lab3/devel/share/common-lisp/ros/mav_state_machine_msgs/msg/_package.lisp)
Linked: (/home/adityaap/aero_740/lab3/devel/.private/mav_state_machine_msgs/share/common-lisp/ros/mav_state_machine_msgs/msg/StartStopTask.lisp, /home/adityaap/aero_740/lab3/devel/share/common-lisp/ros/mav_state_machine_msgs/msg/StartStopTask.lisp)
Linked: (/home/adityaap/aero_740/lab3/devel/.private/mav_state_machine_msgs/share/common-lisp/ros/mav_state_machine_msgs/msg/_package_StartStopTask.lisp, /home/adityaap/aero_740/lab3/devel/share/common-lisp/ros/mav_state_machine_msgs/msg/_package_StartStopTask.lisp)
Linked: (/home/adityaap/aero_740/lab3/devel/.private/mav_state_machine_msgs/share/common-lisp/ros/mav_state_machine_msgs/msg/mav_state_machine_msgs-msg.asd, /home/adityaap/aero_740/lab3/devel/share/common-lisp/ros/mav_state_machine_msgs/msg/mav_state_machine_msgs-msg.asd)
Linked: (/home/adityaap/aero_740/lab3/devel/.private/mav_state_machine_msgs/share/common-lisp/ros/mav_state_machine_msgs/srv/RunTaskService.lisp, /home/adityaap/aero_740/lab3/devel/share/common-lisp/ros/mav_state_machine_msgs/srv/RunTaskService.lisp)
Linked: (/home/adityaap/aero_740/lab3/devel/.private/mav_state_machine_msgs/share/common-lisp/ros/mav_state_machine_msgs/srv/_package.lisp, /home/adityaap/aero_740/lab3/devel/share/common-lisp/ros/mav_state_machine_msgs/srv/_package.lisp)
Linked: (/home/adityaap/aero_740/lab3/devel/.private/mav_state_machine_msgs/share/common-lisp/ros/mav_state_machine_msgs/srv/_package_RunTaskService.lisp, /home/adityaap/aero_740/lab3/devel/share/common-lisp/ros/mav_state_machine_msgs/srv/_package_RunTaskService.lisp)
Linked: (/home/adityaap/aero_740/lab3/devel/.private/mav_state_machine_msgs/share/common-lisp/ros/mav_state_machine_msgs/srv/mav_state_machine_msgs-srv.asd, /home/adityaap/aero_740/lab3/devel/share/common-lisp/ros/mav_state_machine_msgs/srv/mav_state_machine_msgs-srv.asd)
Linked: (/home/adityaap/aero_740/lab3/devel/.private/mav_state_machine_msgs/share/roseus/ros/mav_state_machine_msgs/manifest.l, /home/adityaap/aero_740/lab3/devel/share/roseus/ros/mav_state_machine_msgs/manifest.l)
Linked: (/home/adityaap/aero_740/lab3/devel/.private/mav_state_machine_msgs/share/roseus/ros/mav_state_machine_msgs/msg/StartStopTask.l, /home/adityaap/aero_740/lab3/devel/share/roseus/ros/mav_state_machine_msgs/msg/StartStopTask.l)
Linked: (/home/adityaap/aero_740/lab3/devel/.private/mav_state_machine_msgs/share/roseus/ros/mav_state_machine_msgs/srv/RunTaskService.l, /home/adityaap/aero_740/lab3/devel/share/roseus/ros/mav_state_machine_msgs/srv/RunTaskService.l)
Linked: (/home/adityaap/aero_740/lab3/devel/.private/mav_state_machine_msgs/share/mav_state_machine_msgs/cmake/mav_state_machine_msgs-msg-extras.cmake, /home/adityaap/aero_740/lab3/devel/share/mav_state_machine_msgs/cmake/mav_state_machine_msgs-msg-extras.cmake)
Linked: (/home/adityaap/aero_740/lab3/devel/.private/mav_state_machine_msgs/share/mav_state_machine_msgs/cmake/mav_state_machine_msgs-msg-paths.cmake, /home/adityaap/aero_740/lab3/devel/share/mav_state_machine_msgs/cmake/mav_state_machine_msgs-msg-paths.cmake)
Linked: (/home/adityaap/aero_740/lab3/devel/.private/mav_state_machine_msgs/share/mav_state_machine_msgs/cmake/mav_state_machine_msgsConfig.cmake, /home/adityaap/aero_740/lab3/devel/share/mav_state_machine_msgs/cmake/mav_state_machine_msgsConfig.cmake)
Linked: (/home/adityaap/aero_740/lab3/devel/.private/mav_state_machine_msgs/share/mav_state_machine_msgs/cmake/mav_state_machine_msgsConfig-version.cmake, /home/adityaap/aero_740/lab3/devel/share/mav_state_machine_msgs/cmake/mav_state_machine_msgsConfig-version.cmake)
Linked: (/home/adityaap/aero_740/lab3/devel/.private/mav_state_machine_msgs/lib/pkgconfig/mav_state_machine_msgs.pc, /home/adityaap/aero_740/lab3/devel/lib/pkgconfig/mav_state_machine_msgs.pc)
Linked: (/home/adityaap/aero_740/lab3/devel/.private/mav_state_machine_msgs/lib/python3/dist-packages/mav_state_machine_msgs/__init__.py, /home/adityaap/aero_740/lab3/devel/lib/python3/dist-packages/mav_state_machine_msgs/__init__.py)
Linked: (/home/adityaap/aero_740/lab3/devel/.private/mav_state_machine_msgs/lib/python3/dist-packages/mav_state_machine_msgs/msg/_StartStopTask.py, /home/adityaap/aero_740/lab3/devel/lib/python3/dist-packages/mav_state_machine_msgs/msg/_StartStopTask.py)
Linked: (/home/adityaap/aero_740/lab3/devel/.private/mav_state_machine_msgs/lib/python3/dist-packages/mav_state_machine_msgs/msg/__init__.py, /home/adityaap/aero_740/lab3/devel/lib/python3/dist-packages/mav_state_machine_msgs/msg/__init__.py)
Linked: (/home/adityaap/aero_740/lab3/devel/.private/mav_state_machine_msgs/lib/python3/dist-packages/mav_state_machine_msgs/srv/_RunTaskService.py, /home/adityaap/aero_740/lab3/devel/lib/python3/dist-packages/mav_state_machine_msgs/srv/_RunTaskService.py)
Linked: (/home/adityaap/aero_740/lab3/devel/.private/mav_state_machine_msgs/lib/python3/dist-packages/mav_state_machine_msgs/srv/__init__.py, /home/adityaap/aero_740/lab3/devel/lib/python3/dist-packages/mav_state_machine_msgs/srv/__init__.py)
